<?xml version="1.0" encoding="UTF-8"?>
<!-- Generated by org.testng.reporters.JUnitReportReporter -->
<testsuite hostname="LAPTOP-5KMFOFH9" failures="0" tests="1" name="com.RestAPITest.GetRequestWithoutBDD" time="3.208" errors="0" timestamp="2024-11-22T12:14:15 IST" skipped="0">
  <testcase classname="com.RestAPITest.GetRequestWithoutBDD" name="getBookingDetails" time="3.208"/>
  <system-out/>
</testsuite> <!-- com.RestAPITest.GetRequestWithoutBDD -->
