<?xml version="1.0" encoding="UTF-8"?>
<!-- Generated by org.testng.reporters.JUnitReportReporter -->
<testsuite hostname="LAPTOP-5KMFOFH9" failures="0" tests="1" name="com.ActionsClass.DoubleClickAction" time="3.605" errors="0" timestamp="2024-11-19T12:34:40 IST" skipped="0">
  <testcase classname="com.ActionsClass.DoubleClickAction" name="testDoubleClick" time="3.605"/>
  <system-out/>
</testsuite> <!-- com.ActionsClass.DoubleClickAction -->
