<?xml version="1.0" encoding="UTF-8"?>
<!-- Generated by org.testng.reporters.JUnitReportReporter -->
<testsuite hostname="LAPTOP-5KMFOFH9" failures="0" tests="1" name="com.TestNG.TestListeners.ExetentReportDemo" time="0.614" errors="0" timestamp="2024-11-21T12:38:16 IST" skipped="0">
  <testcase classname="com.TestNG.TestListeners.ExetentReportDemo" name="createReport" time="0.614"/>
  <system-out/>
</testsuite> <!-- com.TestNG.TestListeners.ExetentReportDemo -->
