<?xml version="1.0" encoding="UTF-8"?>
<!-- Generated by org.testng.reporters.JUnitReportReporter -->
<testsuite hostname="LAPTOP-5KMFOFH9" failures="0" tests="5" name="com.TestNG.GroupingInTestNG" time="0.003" errors="0" timestamp="2024-11-19T16:06:41 IST" skipped="0">
  <testcase classname="com.TestNG.GroupingInTestNG" name="testcase2" time="0.001"/>
  <system-out/>
  <testcase classname="com.TestNG.GroupingInTestNG" name="testcase1" time="0.000"/>
  <system-out/>
  <testcase classname="com.TestNG.GroupingInTestNG" name="testcase5" time="0.001"/>
  <system-out/>
  <testcase classname="com.TestNG.GroupingInTestNG" name="testcase3" time="0.000"/>
  <system-out/>
  <testcase classname="com.TestNG.GroupingInTestNG" name="testcase4" time="0.001"/>
  <system-out/>
</testsuite> <!-- com.TestNG.GroupingInTestNG -->
