<?xml version="1.0" encoding="UTF-8"?>
<!-- Generated by org.testng.reporters.JUnitReportReporter -->
<testsuite hostname="LAPTOP-5KMFOFH9" failures="0" tests="1" name="com.ActionsClass.JavascriptExecutorDemo" time="7.962" errors="0" timestamp="2024-11-19T14:21:30 IST" skipped="0">
  <testcase classname="com.ActionsClass.JavascriptExecutorDemo" name="testJavascriptInterface" time="7.962"/>
  <system-out/>
</testsuite> <!-- com.ActionsClass.JavascriptExecutorDemo -->
