<?xml version="1.0" encoding="UTF-8"?>
<!-- Generated by org.testng.reporters.JUnitReportReporter -->
<testsuite hostname="LAPTOP-5KMFOFH9" failures="0" tests="1" name="com.ActionsClass.DragnDropAction" time="3.878" errors="0" timestamp="2024-11-19T12:46:08 IST" skipped="0">
  <testcase classname="com.ActionsClass.DragnDropAction" name="testAction" time="3.878"/>
  <system-out/>
</testsuite> <!-- com.ActionsClass.DragnDropAction -->
