<?xml version="1.0" encoding="UTF-8"?>
<!-- Generated by org.testng.reporters.JUnitReportReporter -->
<testsuite hostname="LAPTOP-5KMFOFH9" failures="0" tests="1" name="com.WebElementHandling.FacebookDropdownScenario" time="5.085" errors="0" timestamp="2024-11-19T09:55:03 IST" skipped="0">
  <testcase classname="com.WebElementHandling.FacebookDropdownScenario" name="testDropDown" time="5.085"/>
  <system-out/>
</testsuite> <!-- com.WebElementHandling.FacebookDropdownScenario -->
