<?xml version="1.0" encoding="UTF-8"?>
<!-- Generated by org.testng.reporters.JUnitReportReporter -->
<testsuite hostname="LAPTOP-5KMFOFH9" failures="0" tests="9" name="com.TestNG.Annotations.ClassA" time="0.018" errors="0" timestamp="2024-11-19T16:41:58 IST" skipped="0">
  <testcase classname="com.TestNG.Annotations.ClassA" name="testCase2" time="0.001"/>
  <system-out/>
  <testcase classname="com.TestNG.Annotations.ClassA" name="testCase1" time="0.001"/>
  <system-out/>
  <testcase classname="com.TestNG.Annotations.ClassA" name="testCase3" time="0.001"/>
  <system-out/>
  <testcase classname="com.TestNG.Annotations.ClassA" name="testCase1" time="0.008"/>
  <system-out/>
  <testcase classname="com.TestNG.Annotations.ClassA" name="testCase3" time="0.000"/>
  <system-out/>
  <testcase classname="com.TestNG.Annotations.ClassA" name="testCase3" time="0.001"/>
  <system-out/>
  <testcase classname="com.TestNG.Annotations.ClassA" name="testCase2" time="0.003"/>
  <system-out/>
  <testcase classname="com.TestNG.Annotations.ClassA" name="testCase2" time="0.002"/>
  <system-out/>
  <testcase classname="com.TestNG.Annotations.ClassA" name="testCase1" time="0.001"/>
  <system-out/>
</testsuite> <!-- com.TestNG.Annotations.ClassA -->
