<?xml version="1.0" encoding="UTF-8"?>
<!-- Generated by org.testng.reporters.JUnitReportReporter -->
<testsuite hostname="LAPTOP-5KMFOFH9" failures="0" tests="3" name="com.TestNG.Annotations.AnnotationDemo" time="0.009" errors="0" timestamp="2024-11-19T16:15:06 IST" skipped="0">
  <testcase classname="com.TestNG.Annotations.AnnotationDemo" name="testCase1" time="0.005"/>
  <system-out/>
  <testcase classname="com.TestNG.Annotations.AnnotationDemo" name="testCase2" time="0.002"/>
  <system-out/>
  <testcase classname="com.TestNG.Annotations.AnnotationDemo" name="testCase3" time="0.002"/>
  <system-out/>
</testsuite> <!-- com.TestNG.Annotations.AnnotationDemo -->
