<?xml version="1.0" encoding="UTF-8"?>
<!-- Generated by org.testng.reporters.JUnitReportReporter -->
<testsuite hostname="LAPTOP-5KMFOFH9" failures="0" tests="1" name="com.ActionsClass.RightClickAction" time="6.946" errors="0" timestamp="2024-11-20T12:33:12 IST" skipped="0">
  <testcase classname="com.ActionsClass.RightClickAction" name="testRightClick" time="6.946"/>
  <system-out/>
</testsuite> <!-- com.ActionsClass.RightClickAction -->
