<?xml version="1.0" encoding="UTF-8"?>
<!-- Generated by org.testng.reporters.JUnitReportReporter -->
<testsuite hostname="LAPTOP-5KMFOFH9" failures="0" tests="1" name="com.WebElementHandling.FrameHandling" time="6.577" errors="0" timestamp="2024-11-19T12:13:43 IST" skipped="0">
  <testcase classname="com.WebElementHandling.FrameHandling" name="frameHandlingDemo2" time="6.577"/>
  <system-out/>
</testsuite> <!-- com.WebElementHandling.FrameHandling -->
