<?xml version="1.0" encoding="UTF-8"?>
<!-- Generated by org.testng.reporters.JUnitReportReporter -->
<testsuite hostname="LAPTOP-5KMFOFH9" failures="0" tests="1" name="com.ActionsClass.SliderTEst" time="4.026" errors="0" timestamp="2024-11-19T12:57:29 IST" skipped="0">
  <testcase classname="com.ActionsClass.SliderTEst" name="testAction" time="4.026"/>
  <system-out/>
</testsuite> <!-- com.ActionsClass.SliderTEst -->
