<?xml version="1.0" encoding="UTF-8"?>
<!-- Generated by org.testng.reporters.JUnitReportReporter -->
<testsuite hostname="LAPTOP-5KMFOFH9" failures="0" tests="1" name="com.TestNG.TestDataReading.PropertiesFileReading" time="0.016" errors="0" timestamp="2024-11-19T17:11:39 IST" skipped="0">
  <testcase classname="com.TestNG.TestDataReading.PropertiesFileReading" name="fileRead" time="0.016"/>
  <system-out/>
</testsuite> <!-- com.TestNG.TestDataReading.PropertiesFileReading -->
