<?xml version="1.0" encoding="UTF-8"?>
<!-- Generated by org.testng.reporters.JUnitReportReporter -->
<testsuite hostname="LAPTOP-5KMFOFH9" failures="0" tests="1" name="com.TestNG.DataDriven.TestScreenshot" time="8.609" errors="0" timestamp="2024-11-20T12:40:49 IST" skipped="0">
  <testcase classname="com.TestNG.DataDriven.TestScreenshot" name="capture" time="8.609"/>
  <system-out/>
</testsuite> <!-- com.TestNG.DataDriven.TestScreenshot -->
