<?xml version="1.0" encoding="UTF-8"?>
<!-- Generated by org.testng.reporters.JUnitReportReporter -->
<testsuite hostname="LAPTOP-5KMFOFH9" failures="0" tests="6" name="com.TestNG.TestDemo1" time="0.006" errors="0" timestamp="2024-11-19T16:06:41 IST" skipped="0">
  <testcase classname="com.TestNG.TestDemo1" name="registerUser" time="0.001"/>
  <system-out/>
  <testcase classname="com.TestNG.TestDemo1" name="loginUser" time="0.001"/>
  <system-out/>
  <testcase classname="com.TestNG.TestDemo1" name="loginUser" time="0.000"/>
  <system-out/>
  <testcase classname="com.TestNG.TestDemo1" name="loginUser" time="0.001"/>
  <system-out/>
  <testcase classname="com.TestNG.TestDemo1" name="searchProduct" time="0.002"/>
  <system-out/>
  <testcase classname="com.TestNG.TestDemo1" name="addToCart" time="0.001"/>
  <system-out/>
</testsuite> <!-- com.TestNG.TestDemo1 -->
