<?xml version="1.0" encoding="UTF-8"?>
<!-- Generated by org.testng.reporters.JUnitReportReporter -->
<testsuite hostname="LAPTOP-5KMFOFH9" failures="0" tests="1" name="com.WebElementHandling.AmazonDropdownDemo" time="6.122" errors="0" timestamp="2024-11-19T09:57:45 IST" skipped="0">
  <testcase classname="com.WebElementHandling.AmazonDropdownDemo" name="validateTitle" time="6.122"/>
  <system-out/>
</testsuite> <!-- com.WebElementHandling.AmazonDropdownDemo -->
