<?xml version="1.0" encoding="UTF-8"?>
<!-- Generated by org.testng.reporters.JUnitReportReporter -->
<testsuite hostname="LAPTOP-5KMFOFH9" failures="0" tests="1" name="com.TestNG.ParallelExecution.TestClass1" time="6.333" errors="0" timestamp="2024-11-21T13:58:25 IST" skipped="0">
  <testcase classname="com.TestNG.ParallelExecution.TestClass1" name="edgeTest" time="6.333"/>
  <system-out/>
</testsuite> <!-- com.TestNG.ParallelExecution.TestClass1 -->
