<?xml version="1.0" encoding="UTF-8"?>
<!-- Generated by org.testng.reporters.JUnitReportReporter -->
<testsuite hostname="LAPTOP-5KMFOFH9" failures="0" tests="1" name="com.WebElementHandling.MultipleWindowHandling" time="16.961" errors="0" timestamp="2024-11-19T10:42:35 IST" skipped="0">
  <testcase classname="com.WebElementHandling.MultipleWindowHandling" name="testMultipleWindow" time="16.961"/>
  <system-out/>
</testsuite> <!-- com.WebElementHandling.MultipleWindowHandling -->
