<?xml version="1.0" encoding="UTF-8"?>
<!-- Generated by org.testng.reporters.JUnitReportReporter -->
<testsuite hostname="LAPTOP-5KMFOFH9" failures="0" tests="1" name="com.TestNG.TestDataReading.HrmDataPassingusingPropertiesfile" time="5.594" errors="0" timestamp="2024-11-19T17:19:15 IST" skipped="0">
  <testcase classname="com.TestNG.TestDataReading.HrmDataPassingusingPropertiesfile" name="f" time="5.594"/>
  <system-out/>
</testsuite> <!-- com.TestNG.TestDataReading.HrmDataPassingusingPropertiesfile -->
