<?xml version="1.0" encoding="UTF-8"?>
<!-- Generated by org.testng.reporters.JUnitReportReporter -->
<testsuite hostname="LAPTOP-5KMFOFH9" failures="0" tests="1" name="com.WebElementHandling.AlertHandlingDemo" time="6.031" errors="0" timestamp="2024-11-19T11:34:51 IST" skipped="0">
  <testcase classname="com.WebElementHandling.AlertHandlingDemo" name="basicAuthenticationPopup" time="6.031"/>
  <system-out/>
</testsuite> <!-- com.WebElementHandling.AlertHandlingDemo -->
