<?xml version="1.0" encoding="UTF-8"?>
<!-- Generated by org.testng.reporters.JUnitReportReporter -->
<testsuite hostname="LAPTOP-5KMFOFH9" failures="0" tests="2" name="com.TestNG.PageObjectUsingPageFactory.NewLoginPageTest" time="0.938" errors="0" timestamp="2024-11-20T10:49:03 IST" skipped="0">
  <testcase classname="com.TestNG.PageObjectUsingPageFactory.NewLoginPageTest" name="validateTitle" time="0.015"/>
  <system-out/>
  <testcase classname="com.TestNG.PageObjectUsingPageFactory.NewLoginPageTest" name="validateLogin" time="0.923"/>
  <system-out/>
</testsuite> <!-- com.TestNG.PageObjectUsingPageFactory.NewLoginPageTest -->
