<?xml version="1.0" encoding="UTF-8"?>
<!-- Generated by org.testng.reporters.JUnitReportReporter -->
<testsuite hostname="LAPTOP-5KMFOFH9" failures="0" tests="3" name="com.TestNG.ParallelExecution.CrossBrowserTest" time="17.729" errors="0" timestamp="2024-11-21T14:06:12 IST" skipped="0">
  <testcase classname="com.TestNG.ParallelExecution.CrossBrowserTest" name="testDifferentBrowser" time="6.127"/>
  <system-out/>
  <testcase classname="com.TestNG.ParallelExecution.CrossBrowserTest" name="testDifferentBrowser" time="4.378"/>
  <system-out/>
  <testcase classname="com.TestNG.ParallelExecution.CrossBrowserTest" name="testDifferentBrowser" time="7.224"/>
  <system-out/>
</testsuite> <!-- com.TestNG.ParallelExecution.CrossBrowserTest -->
