<?xml version="1.0" encoding="UTF-8"?>
<!-- Generated by org.testng.reporters.JUnitReportReporter -->
<testsuite hostname="LAPTOP-5KMFOFH9" failures="0" tests="1" name="com.WaitInSelenium.ExplicitWaitusingWebDriverWaitClass" time="4.461" errors="0" timestamp="2024-11-19T14:46:05 IST" skipped="0">
  <testcase classname="com.WaitInSelenium.ExplicitWaitusingWebDriverWaitClass" name="testWait" time="4.461"/>
  <system-out/>
</testsuite> <!-- com.WaitInSelenium.ExplicitWaitusingWebDriverWaitClass -->
