<?xml version="1.0" encoding="UTF-8"?>
<!-- Generated by org.testng.reporters.JUnitReportReporter -->
<testsuite hostname="LAPTOP-5KMFOFH9" failures="0" tests="1" name="com.WaitInSelenium.ExplicitWaitUsingFluentWaitClass" time="4.040" errors="0" timestamp="2024-11-19T14:51:47 IST" skipped="0">
  <testcase classname="com.WaitInSelenium.ExplicitWaitUsingFluentWaitClass" name="f" time="4.040"/>
  <system-out/>
</testsuite> <!-- com.WaitInSelenium.ExplicitWaitUsingFluentWaitClass -->
