<?xml version="1.0" encoding="UTF-8"?>
<!-- Generated by org.testng.reporters.JUnitReportReporter -->
<testsuite hostname="LAPTOP-5KMFOFH9" failures="0" tests="1" name="com.ActionsClass.MouseOverScenario" time="26.409" errors="0" timestamp="2024-11-19T12:39:37 IST" skipped="0">
  <testcase classname="com.ActionsClass.MouseOverScenario" name="testAction" time="26.409"/>
  <system-out/>
</testsuite> <!-- com.ActionsClass.MouseOverScenario -->
