<?xml version="1.0" encoding="UTF-8"?>
<!-- Generated by org.testng.reporters.JUnitReportReporter -->
<testsuite hostname="LAPTOP-5KMFOFH9" failures="0" tests="3" name="com.TestNG.ParallelExecution.TestAtMethodLevel" time="16.043" errors="0" timestamp="2024-11-21T13:54:18 IST" skipped="0">
  <testcase classname="com.TestNG.ParallelExecution.TestAtMethodLevel" name="chromeTest" time="4.720"/>
  <system-out/>
  <testcase classname="com.TestNG.ParallelExecution.TestAtMethodLevel" name="edgeTest" time="4.080"/>
  <system-out/>
  <testcase classname="com.TestNG.ParallelExecution.TestAtMethodLevel" name="firefoxTest" time="7.243"/>
  <system-out/>
</testsuite> <!-- com.TestNG.ParallelExecution.TestAtMethodLevel -->
