<?xml version="1.0" encoding="UTF-8"?>
<!-- Generated by org.testng.reporters.JUnitReportReporter -->
<testsuite hostname="LAPTOP-5KMFOFH9" failures="0" tests="1" name="com.WebElementHandling.NewTab_Window" time="7.469" errors="0" timestamp="2024-11-19T10:51:14 IST" skipped="0">
  <testcase classname="com.WebElementHandling.NewTab_Window" name="testNewTab" time="7.469"/>
  <system-out/>
</testsuite> <!-- com.WebElementHandling.NewTab_Window -->
