<?xml version="1.0" encoding="UTF-8"?>
<!-- Generated by org.testng.reporters.JUnitReportReporter -->
<testsuite hostname="LAPTOP-5KMFOFH9" failures="0" tests="4" name="com.TestNG.DataDriven.DatadrivenUSingArray" time="0.014" errors="0" timestamp="2024-11-20T11:14:40 IST" skipped="0">
  <testcase classname="com.TestNG.DataDriven.DatadrivenUSingArray" name="loginTest" time="0.001"/>
  <system-out/>
  <testcase classname="com.TestNG.DataDriven.DatadrivenUSingArray" name="loginTest" time="0.002"/>
  <system-out/>
  <testcase classname="com.TestNG.DataDriven.DatadrivenUSingArray" name="loginTest" time="0.009"/>
  <system-out/>
  <testcase classname="com.TestNG.DataDriven.DatadrivenUSingArray" name="loginTest" time="0.002"/>
  <system-out/>
</testsuite> <!-- com.TestNG.DataDriven.DatadrivenUSingArray -->
