<?xml version="1.0" encoding="UTF-8"?>
<!-- Generated by org.testng.reporters.JUnitReportReporter -->
<testsuite hostname="LAPTOP-5KMFOFH9" failures="0" tests="1" name="com.TestNG.DataDriven.ExcelReading" time="0.749" errors="0" timestamp="2024-11-20T12:06:18 IST" skipped="0">
  <testcase classname="com.TestNG.DataDriven.ExcelReading" name="fileREading" time="0.749"/>
  <system-out/>
</testsuite> <!-- com.TestNG.DataDriven.ExcelReading -->
