<?xml version="1.0" encoding="UTF-8"?>
<!-- Generated by org.testng.reporters.JUnitReportReporter -->
<testsuite hostname="LAPTOP-5KMFOFH9" failures="0" tests="1" name="com.TestNG.TestDataReading.DataPassingUsingxml" time="7.113" errors="0" timestamp="2024-11-19T16:54:52 IST" skipped="0">
  <testcase classname="com.TestNG.TestDataReading.DataPassingUsingxml" name="loginTest" time="7.113"/>
  <system-out/>
</testsuite> <!-- com.TestNG.TestDataReading.DataPassingUsingxml -->
