<?xml version="1.0" encoding="UTF-8"?>
<!-- Generated by org.testng.reporters.JUnitReportReporter -->
<testsuite hostname="LAPTOP-5KMFOFH9" failures="0" tests="4" name="com.TestNG.DisbaleTestFromExecution" time="0.002" errors="0" timestamp="2024-11-19T16:06:41 IST" skipped="1">
  <testcase classname="com.TestNG.DisbaleTestFromExecution" name="registerUser" time="0.001"/>
  <system-out/>
  <testcase classname="com.TestNG.DisbaleTestFromExecution" name="loginUser" time="0.001"/>
  <system-out/>
  <testcase classname="com.TestNG.DisbaleTestFromExecution" name="searchProduct" time="0.000"/>
  <system-out/>
  <testcase classname="com.TestNG.DisbaleTestFromExecution" name="addToCart">
    <skipped/>
  </testcase> <!-- addToCart -->
  <system-out/>
</testsuite> <!-- com.TestNG.DisbaleTestFromExecution -->
