<?xml version="1.0" encoding="UTF-8"?>
<!-- Generated by org.testng.reporters.JUnitReportReporter -->
<testsuite hostname="LAPTOP-5KMFOFH9" failures="0" tests="3" name="com.TestNG.PageObjectUsingByLocator.LoginPageTest" time="2.526" errors="0" timestamp="2024-11-20T10:46:43 IST" skipped="0">
  <testcase classname="com.TestNG.PageObjectUsingByLocator.LoginPageTest" name="validateUrl" time="0.016"/>
  <system-out/>
  <testcase classname="com.TestNG.PageObjectUsingByLocator.LoginPageTest" name="validateTitle" time="0.010"/>
  <system-out/>
  <testcase classname="com.TestNG.PageObjectUsingByLocator.LoginPageTest" name="validateLogin" time="2.500"/>
  <system-out/>
</testsuite> <!-- com.TestNG.PageObjectUsingByLocator.LoginPageTest -->
