<?xml version="1.0" encoding="UTF-8"?>
<!-- Generated by org.testng.reporters.JUnitReportReporter -->
<testsuite hostname="LAPTOP-5KMFOFH9" failures="0" tests="3" name="com.TestNG.Annotations.CRMApplication" time="2.281" errors="0" timestamp="2024-11-19T16:32:09 IST" skipped="0">
  <testcase classname="com.TestNG.Annotations.CRMApplication" name="validateSignInLink" time="0.853"/>
  <system-out/>
  <testcase classname="com.TestNG.Annotations.CRMApplication" name="validateSignIn" time="0.927"/>
  <system-out/>
  <testcase classname="com.TestNG.Annotations.CRMApplication" name="validateSignOut" time="0.501"/>
  <system-out/>
</testsuite> <!-- com.TestNG.Annotations.CRMApplication -->
