<?xml version="1.0" encoding="UTF-8"?>
<!-- Generated by org.testng.reporters.JUnitReportReporter -->
<testsuite hostname="LAPTOP-5KMFOFH9" failures="0" tests="1" name="com.WebElementHandling.RedbusDropdownscenario" time="5.043" errors="0" timestamp="2024-11-19T10:14:33 IST" skipped="0">
  <testcase classname="com.WebElementHandling.RedbusDropdownscenario" name="testDropdown" time="5.043"/>
  <system-out/>
</testsuite> <!-- com.WebElementHandling.RedbusDropdownscenario -->
