<?xml version="1.0" encoding="UTF-8"?>
<!-- Generated by org.testng.reporters.JUnitReportReporter -->
<testsuite hostname="LAPTOP-5KMFOFH9" failures="0" tests="2" name="com.SwagLab.TestCases.OverviewPageTest" time="0.145" errors="0" timestamp="2024-11-21T12:50:05 IST" skipped="0">
  <testcase classname="com.SwagLab.TestCases.OverviewPageTest" name="validateSummary" time="0.028"/>
  <system-out/>
  <testcase classname="com.SwagLab.TestCases.OverviewPageTest" name="validateFinishProcess" time="0.117"/>
  <system-out/>
</testsuite> <!-- com.SwagLab.TestCases.OverviewPageTest -->
