<?xml version="1.0" encoding="UTF-8"?>
<!-- Generated by org.testng.reporters.JUnitReportReporter -->
<testsuite hostname="LAPTOP-5KMFOFH9" failures="0" tests="4" name="com.SwagLab.TestCases.CartPageTest" time="0.475" errors="0" timestamp="2024-11-21T12:50:05 IST" skipped="0">
  <testcase classname="com.SwagLab.TestCases.CartPageTest" name="verifyProduct" time="0.031"/>
  <system-out/>
  <testcase classname="com.SwagLab.TestCases.CartPageTest" name="vaidateRemove" time="0.095"/>
  <system-out/>
  <testcase classname="com.SwagLab.TestCases.CartPageTest" name="validateContinueShopping" time="0.270"/>
  <system-out/>
  <testcase classname="com.SwagLab.TestCases.CartPageTest" name="validateCheckOut" time="0.079"/>
  <system-out/>
</testsuite> <!-- com.SwagLab.TestCases.CartPageTest -->
