<?xml version="1.0" encoding="UTF-8"?>
<!-- Generated by org.testng.reporters.JUnitReportReporter -->
<testsuite hostname="LAPTOP-5KMFOFH9" failures="0" tests="4" name="com.SwagLab.TestCases.InventoryPageTest" time="0.320" errors="0" timestamp="2024-11-21T12:50:05 IST" skipped="0">
  <testcase classname="com.SwagLab.TestCases.InventoryPageTest" name="validateTotalProducts" time="0.019"/>
  <system-out/>
  <testcase classname="com.SwagLab.TestCases.InventoryPageTest" name="validateProducts" time="0.097"/>
  <system-out/>
  <testcase classname="com.SwagLab.TestCases.InventoryPageTest" name="validateAddToCart" time="0.117"/>
  <system-out/>
  <testcase classname="com.SwagLab.TestCases.InventoryPageTest" name="validateCartPage" time="0.087"/>
  <system-out/>
</testsuite> <!-- com.SwagLab.TestCases.InventoryPageTest -->
